<?xml version="1.0" encoding="UTF-8"?>
<TestRun id="23c5cf4e-bde9-4789-9ab2-5738e00bdfd9" name="DRabb@DRABB-B96A570CE 2009-12-22 22:28:22" runUser="DRABB-B96A570CE\DRabb" xmlns="http://microsoft.com/schemas/VisualStudio/TeamTest/2006">
  <TestRunConfiguration name="Default Run Configuration" id="b213edd2-184f-41f5-b56e-55e80e209767">
    <Deployment runDeploymentRoot="C:\Documents and Settings\DRabb\My Documents\Visual Studio 2008\Projects\MovieDB\TestResults\DRabb_DRABB-B96A570CE 2009-12-22 22_28_22">
      <DeploymentItem filename="C:\Documents and Settings\DRabb\My Documents\Visual Studio 2008\Projects\MovieDB\MovieDB\bin\MovieDB.dll" />
    </Deployment>
    <Hosts skipUnhostableTests="false" />
    <TestTypeSpecific />
  </TestRunConfiguration>
  <ResultSummary outcome="Completed">
    <Counters total="1" executed="1" passed="1" error="0" failed="0" timeout="0" aborted="0" inconclusive="0" passedButRunAborted="0" notRunnable="0" notExecuted="0" disconnected="0" warning="0" completed="0" inProgress="0" pending="0" />
  </ResultSummary>
  <Times creation="2009-12-22T22:28:22.3992500-05:00" queuing="2009-12-22T22:28:24.0711250-05:00" start="2009-12-22T22:28:24.2430000-05:00" finish="2009-12-22T22:29:46.7117500-05:00" />
  <TestDefinitions>
    <UnitTest name="DetailsAction_Should_Return_View_For_Existing_Movie" storage="c:\documents and settings\drabb\my documents\visual studio 2008\projects\moviedb\moviedb.tests\bin\debug\moviedb.tests.dll" id="2d03e317-e374-2bb0-8426-fb9f71d96073">
      <Css projectStructure="" iteration="" />
      <Owners>
        <Owner name="" />
      </Owners>
      <Execution id="32d3b464-03a6-48dd-970b-d4391f4ac68e" />
      <TestMethod codeBase="C:\Documents and Settings\DRabb\My Documents\Visual Studio 2008\Projects\MovieDB\MovieDB.Tests\bin\Debug\MovieDB.Tests.dll" adapterTypeName="Microsoft.VisualStudio.TestTools.TestTypes.Unit.UnitTestAdapter, Microsoft.VisualStudio.QualityTools.Tips.UnitTest.Adapter, Version=9.0.0.0, Culture=neutral, PublicKeyToken=b03f5f7f11d50a3a" className="MovieDB.Tests.Controllers.MoviesControllerTest, MovieDB.Tests" name="DetailsAction_Should_Return_View_For_Existing_Movie" />
    </UnitTest>
  </TestDefinitions>
  <TestLists>
    <TestList name="Results Not in a List" id="8c84fa94-04c1-424b-9868-57a2d4851a1d" />
    <TestList name="All Loaded Results" id="19431567-8539-422a-85d7-44ee4e166bda" />
  </TestLists>
  <TestEntries>
    <TestEntry testId="2d03e317-e374-2bb0-8426-fb9f71d96073" executionId="32d3b464-03a6-48dd-970b-d4391f4ac68e" testListId="8c84fa94-04c1-424b-9868-57a2d4851a1d" />
  </TestEntries>
  <Results>
    <UnitTestResult executionId="32d3b464-03a6-48dd-970b-d4391f4ac68e" testId="2d03e317-e374-2bb0-8426-fb9f71d96073" testName="DetailsAction_Should_Return_View_For_Existing_Movie" computerName="DRABB-B96A570CE" duration="00:01:21.2709919" startTime="2009-12-22T22:28:24.3367500-05:00" endTime="2009-12-22T22:29:46.4773750-05:00" testType="13cdc9d9-ddb5-4fa4-a97d-d965ccfc6d4b" outcome="Passed" testListId="8c84fa94-04c1-424b-9868-57a2d4851a1d">
      <Output>
      </Output>
    </UnitTestResult>
  </Results>
</TestRun>