<?xml version="1.0" encoding="UTF-8"?>
<TestRun id="320ba6af-335b-45b7-8ae8-37cc4281451a" name="DRabb@DRABB-B96A570CE 2009-12-22 22:39:56" runUser="DRABB-B96A570CE\DRabb" xmlns="http://microsoft.com/schemas/VisualStudio/TeamTest/2006">
  <TestRunConfiguration name="Default Run Configuration" id="3598f715-8cc0-480c-9f19-efe1bd0b759c">
    <Deployment runDeploymentRoot="C:\Documents and Settings\DRabb\My Documents\Visual Studio 2008\Projects\MovieDB\TestResults\DRabb_DRABB-B96A570CE 2009-12-22 22_39_56">
      <DeploymentItem filename="C:\Documents and Settings\DRabb\My Documents\Visual Studio 2008\Projects\MovieDB\MovieDB\bin\MovieDB.dll" />
    </Deployment>
    <Hosts skipUnhostableTests="false" />
    <TestTypeSpecific />
  </TestRunConfiguration>
  <ResultSummary outcome="Failed">
    <Counters total="1" executed="1" error="0" failed="1" timeout="0" aborted="0" inconclusive="0" passedButRunAborted="0" notRunnable="0" notExecuted="0" disconnected="0" warning="0" passed="0" completed="0" inProgress="0" pending="0" />
  </ResultSummary>
  <Times creation="2009-12-22T22:39:56.4461250-05:00" queuing="2009-12-22T22:39:57.3523750-05:00" start="2009-12-22T22:39:57.4930000-05:00" finish="2009-12-22T22:39:58.2898750-05:00" />
  <TestDefinitions>
    <UnitTest name="EditAction_Should_Return_View_For_ValidMovie" storage="c:\documents and settings\drabb\my documents\visual studio 2008\projects\moviedb\moviedb.tests\bin\debug\moviedb.tests.dll" id="a7f04682-c434-1da6-561f-0020bf46eff8">
      <Css projectStructure="" iteration="" />
      <Owners>
        <Owner name="" />
      </Owners>
      <Execution id="499ee467-6a21-49b3-9015-55fc3c639236" />
      <TestMethod codeBase="C:\Documents and Settings\DRabb\My Documents\Visual Studio 2008\Projects\MovieDB\MovieDB.Tests\bin\Debug\MovieDB.Tests.dll" adapterTypeName="Microsoft.VisualStudio.TestTools.TestTypes.Unit.UnitTestAdapter, Microsoft.VisualStudio.QualityTools.Tips.UnitTest.Adapter, Version=9.0.0.0, Culture=neutral, PublicKeyToken=b03f5f7f11d50a3a" className="MovieDB.Tests.Controllers.MoviesControllerTest, MovieDB.Tests" name="EditAction_Should_Return_View_For_ValidMovie" />
    </UnitTest>
  </TestDefinitions>
  <TestLists>
    <TestList name="Results Not in a List" id="8c84fa94-04c1-424b-9868-57a2d4851a1d" />
    <TestList name="All Loaded Results" id="19431567-8539-422a-85d7-44ee4e166bda" />
  </TestLists>
  <TestEntries>
    <TestEntry testId="a7f04682-c434-1da6-561f-0020bf46eff8" executionId="499ee467-6a21-49b3-9015-55fc3c639236" testListId="8c84fa94-04c1-424b-9868-57a2d4851a1d" />
  </TestEntries>
  <Results>
    <UnitTestResult executionId="499ee467-6a21-49b3-9015-55fc3c639236" testId="a7f04682-c434-1da6-561f-0020bf46eff8" testName="EditAction_Should_Return_View_For_ValidMovie" computerName="DRABB-B96A570CE" duration="00:00:00.0942770" startTime="2009-12-22T22:39:57.6023750-05:00" endTime="2009-12-22T22:39:58.2273750-05:00" testType="13cdc9d9-ddb5-4fa4-a97d-d965ccfc6d4b" outcome="Failed" testListId="8c84fa94-04c1-424b-9868-57a2d4851a1d">
      <Output>
        <ErrorInfo>
          <Message>Assert.IsInstanceOfType failed. Expected type:&lt;MovieDB.Models.Movie&gt;. Actual type:&lt;MovieDB.ViewModels.MovieFormViewModel&gt;.</Message>
          <StackTrace>   at MovieDB.Tests.Controllers.MoviesControllerTest.EditAction_Should_Return_View_For_ValidMovie() in C:\Documents and Settings\DRabb\My Documents\Visual Studio 2008\Projects\MovieDB\MovieDB.Tests\Controllers\MoviesControllerTest.cs:line 77
</StackTrace>
        </ErrorInfo>
      </Output>
    </UnitTestResult>
  </Results>
</TestRun>