<?xml version="1.0" encoding="UTF-8"?>
<TestRun id="6ce4baa8-b08f-46af-abee-69f0b62d909d" name="DRabb@DRABB-B96A570CE 2009-12-14 22:41:22" runUser="DRABB-B96A570CE\DRabb" xmlns="http://microsoft.com/schemas/VisualStudio/TeamTest/2006">
  <TestRunConfiguration name="Default Run Configuration" id="454463ae-2671-4802-b7be-4367e854ba4d">
    <Deployment runDeploymentRoot="C:\Documents and Settings\DRabb\My Documents\Visual Studio 2008\Projects\MovieDB\TestResults\DRabb_DRABB-B96A570CE 2009-12-14 22_41_22">
      <DeploymentItem filename="C:\Documents and Settings\DRabb\My Documents\Visual Studio 2008\Projects\MovieDB\MovieDB\bin\MovieDB.dll" />
    </Deployment>
    <Hosts skipUnhostableTests="false" />
    <TestTypeSpecific />
  </TestRunConfiguration>
  <ResultSummary outcome="Completed">
    <Counters total="1" executed="1" passed="1" error="0" failed="0" timeout="0" aborted="0" inconclusive="0" passedButRunAborted="0" notRunnable="0" notExecuted="0" disconnected="0" warning="0" completed="0" inProgress="0" pending="0" />
  </ResultSummary>
  <Times creation="2009-12-14T22:41:22.6203750-05:00" queuing="2009-12-14T22:41:23.4172500-05:00" start="2009-12-14T22:41:23.5735000-05:00" finish="2009-12-14T22:41:35.1828750-05:00" />
  <TestDefinitions>
    <UnitTest name="Movie_Should_Be_Invalid_When_Props_Incorrect" storage="c:\documents and settings\drabb\my documents\visual studio 2008\projects\moviedb\moviedb.tests\bin\debug\moviedb.tests.dll" id="9b5e4c1d-75f0-ef57-97e4-b18106de3264">
      <Css projectStructure="" iteration="" />
      <Owners>
        <Owner name="" />
      </Owners>
      <Execution id="7cb1282c-c78b-46ea-8bf9-6d0e504b7a55" />
      <TestMethod codeBase="C:\Documents and Settings\DRabb\My Documents\Visual Studio 2008\Projects\MovieDB\MovieDB.Tests\bin\Debug\MovieDB.Tests.dll" adapterTypeName="Microsoft.VisualStudio.TestTools.TestTypes.Unit.UnitTestAdapter, Microsoft.VisualStudio.QualityTools.Tips.UnitTest.Adapter, Version=9.0.0.0, Culture=neutral, PublicKeyToken=b03f5f7f11d50a3a" className="MovieDB.Tests.Models.MovieTest, MovieDB.Tests" name="Movie_Should_Be_Invalid_When_Props_Incorrect" />
    </UnitTest>
  </TestDefinitions>
  <TestLists>
    <TestList name="Results Not in a List" id="8c84fa94-04c1-424b-9868-57a2d4851a1d" />
    <TestList name="All Loaded Results" id="19431567-8539-422a-85d7-44ee4e166bda" />
  </TestLists>
  <TestEntries>
    <TestEntry testId="9b5e4c1d-75f0-ef57-97e4-b18106de3264" executionId="7cb1282c-c78b-46ea-8bf9-6d0e504b7a55" testListId="8c84fa94-04c1-424b-9868-57a2d4851a1d" />
  </TestEntries>
  <Results>
    <UnitTestResult executionId="7cb1282c-c78b-46ea-8bf9-6d0e504b7a55" testId="9b5e4c1d-75f0-ef57-97e4-b18106de3264" testName="Movie_Should_Be_Invalid_When_Props_Incorrect" computerName="DRABB-B96A570CE" duration="00:00:10.9208745" startTime="2009-12-14T22:41:23.6828750-05:00" endTime="2009-12-14T22:41:35.1203750-05:00" testType="13cdc9d9-ddb5-4fa4-a97d-d965ccfc6d4b" outcome="Passed" testListId="8c84fa94-04c1-424b-9868-57a2d4851a1d">
      <Output>
      </Output>
    </UnitTestResult>
  </Results>
</TestRun>