<?xml version="1.0" encoding="UTF-8"?>
<TestRun id="42bbf644-17d0-4a08-bdeb-e3bf3b7f5cc0" name="DRabb@DRABB-B96A570CE 2009-12-14 22:52:15" runUser="DRABB-B96A570CE\DRabb" xmlns="http://microsoft.com/schemas/VisualStudio/TeamTest/2006">
  <TestRunConfiguration name="Default Run Configuration" id="71a810ba-7026-49f1-a520-f7b8970665ef">
    <Deployment runDeploymentRoot="C:\Documents and Settings\DRabb\My Documents\Visual Studio 2008\Projects\MovieDB\TestResults\DRabb_DRABB-B96A570CE 2009-12-14 22_52_15">
      <DeploymentItem filename="C:\Documents and Settings\DRabb\My Documents\Visual Studio 2008\Projects\MovieDB\MovieDB\bin\MovieDB.dll" />
    </Deployment>
    <Hosts skipUnhostableTests="false" />
    <TestTypeSpecific />
  </TestRunConfiguration>
  <ResultSummary outcome="Completed">
    <Counters total="1" executed="1" passed="1" error="0" failed="0" timeout="0" aborted="0" inconclusive="0" passedButRunAborted="0" notRunnable="0" notExecuted="0" disconnected="0" warning="0" completed="0" inProgress="0" pending="0" />
  </ResultSummary>
  <Times creation="2009-12-14T22:52:15.1985000-05:00" queuing="2009-12-14T22:52:16.0110000-05:00" start="2009-12-14T22:52:16.1985000-05:00" finish="2009-12-14T22:52:18.5266250-05:00" />
  <TestDefinitions>
    <UnitTest name="Movie_Should_Be_Invalid_When_Props_Incorrect" storage="c:\documents and settings\drabb\my documents\visual studio 2008\projects\moviedb\moviedb.tests\bin\debug\moviedb.tests.dll" id="9b5e4c1d-75f0-ef57-97e4-b18106de3264">
      <Css projectStructure="" iteration="" />
      <Owners>
        <Owner name="" />
      </Owners>
      <Execution id="9f7ff002-1321-4b21-87b9-30e6159162bc" />
      <TestMethod codeBase="C:\Documents and Settings\DRabb\My Documents\Visual Studio 2008\Projects\MovieDB\MovieDB.Tests\bin\Debug\MovieDB.Tests.dll" adapterTypeName="Microsoft.VisualStudio.TestTools.TestTypes.Unit.UnitTestAdapter, Microsoft.VisualStudio.QualityTools.Tips.UnitTest.Adapter, Version=9.0.0.0, Culture=neutral, PublicKeyToken=b03f5f7f11d50a3a" className="MovieDB.Tests.Models.MovieTest, MovieDB.Tests" name="Movie_Should_Be_Invalid_When_Props_Incorrect" />
    </UnitTest>
  </TestDefinitions>
  <TestLists>
    <TestList name="Results Not in a List" id="8c84fa94-04c1-424b-9868-57a2d4851a1d" />
    <TestList name="All Loaded Results" id="19431567-8539-422a-85d7-44ee4e166bda" />
  </TestLists>
  <TestEntries>
    <TestEntry testId="9b5e4c1d-75f0-ef57-97e4-b18106de3264" executionId="9f7ff002-1321-4b21-87b9-30e6159162bc" testListId="8c84fa94-04c1-424b-9868-57a2d4851a1d" />
  </TestEntries>
  <Results>
    <UnitTestResult executionId="9f7ff002-1321-4b21-87b9-30e6159162bc" testId="9b5e4c1d-75f0-ef57-97e4-b18106de3264" testName="Movie_Should_Be_Invalid_When_Props_Incorrect" computerName="DRABB-B96A570CE" duration="00:00:00.1592115" startTime="2009-12-14T22:52:16.2922500-05:00" endTime="2009-12-14T22:52:16.9485000-05:00" testType="13cdc9d9-ddb5-4fa4-a97d-d965ccfc6d4b" outcome="Passed" testListId="8c84fa94-04c1-424b-9868-57a2d4851a1d">
      <Output>
      </Output>
    </UnitTestResult>
  </Results>
</TestRun>