<?xml version="1.0" encoding="UTF-8"?>
<TestRun id="1761e098-8fd4-4370-9a26-d67b8374641c" name="DRabb@DRABB-B96A570CE 2009-12-14 22:43:06" runUser="DRABB-B96A570CE\DRabb" xmlns="http://microsoft.com/schemas/VisualStudio/TeamTest/2006">
  <TestRunConfiguration name="Default Run Configuration" id="8b0acdcb-b363-4fdf-a5a0-d6ebbc862983">
    <Deployment runDeploymentRoot="C:\Documents and Settings\DRabb\My Documents\Visual Studio 2008\Projects\MovieDB\TestResults\DRabb_DRABB-B96A570CE 2009-12-14 22_43_06">
      <DeploymentItem filename="C:\Documents and Settings\DRabb\My Documents\Visual Studio 2008\Projects\MovieDB\MovieDB\bin\MovieDB.dll" />
    </Deployment>
    <Hosts skipUnhostableTests="false" />
    <TestTypeSpecific />
  </TestRunConfiguration>
  <ResultSummary outcome="Failed">
    <Counters total="2" executed="2" error="0" failed="2" timeout="0" aborted="0" inconclusive="0" passedButRunAborted="0" notRunnable="0" notExecuted="0" disconnected="0" warning="0" passed="0" completed="0" inProgress="0" pending="0" />
  </ResultSummary>
  <Times creation="2009-12-14T22:43:06.3235000-05:00" queuing="2009-12-14T22:43:07.0891250-05:00" start="2009-12-14T22:43:07.2453750-05:00" finish="2009-12-14T22:43:11.1203750-05:00" />
  <TestDefinitions>
    <UnitTest name="Movie_Should_Be_Valid_When_Props_Correct" storage="c:\documents and settings\drabb\my documents\visual studio 2008\projects\moviedb\moviedb.tests\bin\debug\moviedb.tests.dll" id="740c8d06-ca32-5fa8-6216-55d309c191b2">
      <Css projectStructure="" iteration="" />
      <Owners>
        <Owner name="" />
      </Owners>
      <Execution id="5730acdb-7e2b-46ae-9504-5db5567eb110" />
      <TestMethod codeBase="C:\Documents and Settings\DRabb\My Documents\Visual Studio 2008\Projects\MovieDB\MovieDB.Tests\bin\Debug\MovieDB.Tests.dll" adapterTypeName="Microsoft.VisualStudio.TestTools.TestTypes.Unit.UnitTestAdapter, Microsoft.VisualStudio.QualityTools.Tips.UnitTest.Adapter, Version=9.0.0.0, Culture=neutral, PublicKeyToken=b03f5f7f11d50a3a" className="MovieDB.Tests.Models.MovieTest, MovieDB.Tests" name="Movie_Should_Be_Valid_When_Props_Correct" />
    </UnitTest>
    <UnitTest name="Movie_Should_Be_Invalid_When_Props_Incorrect" storage="c:\documents and settings\drabb\my documents\visual studio 2008\projects\moviedb\moviedb.tests\bin\debug\moviedb.tests.dll" id="9b5e4c1d-75f0-ef57-97e4-b18106de3264">
      <Css projectStructure="" iteration="" />
      <Owners>
        <Owner name="" />
      </Owners>
      <Execution id="6cd072b4-1cc5-4020-8caf-0aef812edb44" />
      <TestMethod codeBase="C:\Documents and Settings\DRabb\My Documents\Visual Studio 2008\Projects\MovieDB\MovieDB.Tests\bin\Debug\MovieDB.Tests.dll" adapterTypeName="Microsoft.VisualStudio.TestTools.TestTypes.Unit.UnitTestAdapter, Microsoft.VisualStudio.QualityTools.Tips.UnitTest.Adapter, Version=9.0.0.0, Culture=neutral, PublicKeyToken=b03f5f7f11d50a3a" className="MovieDB.Tests.Models.MovieTest, MovieDB.Tests" name="Movie_Should_Be_Invalid_When_Props_Incorrect" />
    </UnitTest>
  </TestDefinitions>
  <TestLists>
    <TestList name="Results Not in a List" id="8c84fa94-04c1-424b-9868-57a2d4851a1d" />
    <TestList name="All Loaded Results" id="19431567-8539-422a-85d7-44ee4e166bda" />
  </TestLists>
  <TestEntries>
    <TestEntry testId="740c8d06-ca32-5fa8-6216-55d309c191b2" executionId="5730acdb-7e2b-46ae-9504-5db5567eb110" testListId="8c84fa94-04c1-424b-9868-57a2d4851a1d" />
    <TestEntry testId="9b5e4c1d-75f0-ef57-97e4-b18106de3264" executionId="6cd072b4-1cc5-4020-8caf-0aef812edb44" testListId="8c84fa94-04c1-424b-9868-57a2d4851a1d" />
  </TestEntries>
  <Results>
    <UnitTestResult executionId="5730acdb-7e2b-46ae-9504-5db5567eb110" testId="740c8d06-ca32-5fa8-6216-55d309c191b2" testName="Movie_Should_Be_Valid_When_Props_Correct" computerName="DRABB-B96A570CE" duration="00:00:01.5223376" startTime="2009-12-14T22:43:07.3547500-05:00" endTime="2009-12-14T22:43:09.3703750-05:00" testType="13cdc9d9-ddb5-4fa4-a97d-d965ccfc6d4b" outcome="Failed" testListId="8c84fa94-04c1-424b-9868-57a2d4851a1d">
      <Output>
        <ErrorInfo>
          <Message>Test method MovieDB.Tests.Models.MovieTest.Movie_Should_Be_Valid_When_Props_Correct threw exception:  System.NullReferenceException: Object reference not set to an instance of an object..</Message>
          <StackTrace>    at MovieDB.Models.MovieDBDataContext..ctor() in C:\Documents and Settings\DRabb\My Documents\Visual Studio 2008\Projects\MovieDB\MovieDB\Models\MovieDB.designer.cs:line 56
   at MovieDB.Models.Movie.&lt;GetRuleViolations&gt;d__0.MoveNext() in C:\Documents and Settings\DRabb\My Documents\Visual Studio 2008\Projects\MovieDB\MovieDB\Models\Movie.cs:line 27
   at System.Linq.Enumerable.Count[TSource](IEnumerable`1 source)
   at MovieDB.Models.Movie.get_IsValid() in C:\Documents and Settings\DRabb\My Documents\Visual Studio 2008\Projects\MovieDB\MovieDB\Models\Movie.cs:line 11
   at MovieDB.Tests.Models.MovieTest.Movie_Should_Be_Valid_When_Props_Correct() in C:\Documents and Settings\DRabb\My Documents\Visual Studio 2008\Projects\MovieDB\MovieDB.Tests\Models\MovieTest.cs:line 49
</StackTrace>
        </ErrorInfo>
      </Output>
    </UnitTestResult>
    <UnitTestResult executionId="6cd072b4-1cc5-4020-8caf-0aef812edb44" testId="9b5e4c1d-75f0-ef57-97e4-b18106de3264" testName="Movie_Should_Be_Invalid_When_Props_Incorrect" computerName="DRABB-B96A570CE" duration="00:00:01.6778068" startTime="2009-12-14T22:43:09.3860000-05:00" endTime="2009-12-14T22:43:11.0735000-05:00" testType="13cdc9d9-ddb5-4fa4-a97d-d965ccfc6d4b" outcome="Failed" testListId="8c84fa94-04c1-424b-9868-57a2d4851a1d">
      <Output>
        <ErrorInfo>
          <Message>Test method MovieDB.Tests.Models.MovieTest.Movie_Should_Be_Invalid_When_Props_Incorrect threw exception:  System.NullReferenceException: Object reference not set to an instance of an object..</Message>
          <StackTrace>    at MovieDB.Models.MovieDBDataContext..ctor() in C:\Documents and Settings\DRabb\My Documents\Visual Studio 2008\Projects\MovieDB\MovieDB\Models\MovieDB.designer.cs:line 56
   at MovieDB.Models.Movie.&lt;GetRuleViolations&gt;d__0.MoveNext() in C:\Documents and Settings\DRabb\My Documents\Visual Studio 2008\Projects\MovieDB\MovieDB\Models\Movie.cs:line 27
   at System.Linq.Enumerable.Count[TSource](IEnumerable`1 source)
   at MovieDB.Models.Movie.get_IsValid() in C:\Documents and Settings\DRabb\My Documents\Visual Studio 2008\Projects\MovieDB\MovieDB\Models\Movie.cs:line 11
   at MovieDB.Tests.Models.MovieTest.Movie_Should_Be_Invalid_When_Props_Incorrect() in C:\Documents and Settings\DRabb\My Documents\Visual Studio 2008\Projects\MovieDB\MovieDB.Tests\Models\MovieTest.cs:line 30
</StackTrace>
        </ErrorInfo>
      </Output>
    </UnitTestResult>
  </Results>
</TestRun>